# npm audit report

@babel/core  <=7.29.0
@babel/core: Arbitrary File Read via sourceMappingURL Comment - https://github.com/advisories/GHSA-4x5r-pxfx-6jf8
fix available via `npm audit fix`
node_modules/@babel/core

@babel/plugin-transform-modules-systemjs  7.12.0 - 7.29.0
Severity: high
@babel/plugin-transform-modules-systemjs generates arbitrary code when compiling malicious input - https://github.com/advisories/GHSA-fv7c-fp4j-7gwp
fix available via `npm audit fix`
node_modules/@babel/plugin-transform-modules-systemjs

basic-ftp  <=5.3.0
Severity: critical
Basic FTP has Path Traversal Vulnerability in its downloadToDir() method - https://github.com/advisories/GHSA-5rq4-664w-9x2c
basic-ftp: Incomplete CRLF Injection Protection Allows Arbitrary FTP Command Execution via Credentials and MKD Commands - https://github.com/advisories/GHSA-6v7q-wjvx-w8wg
basic-ftp vulnerable to denial of service via unbounded memory consumption in Client.list() - https://github.com/advisories/GHSA-rp42-5vxx-qpwr
basic-ftp allows a malicious FTP server to cause client-side denial of service via unbounded multiline control response buffering - https://github.com/advisories/GHSA-rpmf-866q-6p89
fix available via `npm audit fix`
node_modules/basic-ftp

body-parser  2.2.0
Severity: moderate
body-parser is vulnerable to denial of service when url encoding is used - https://github.com/advisories/GHSA-wqch-xfxh-vrr4
fix available via `npm audit fix`
node_modules/body-parser

brace-expansion  <1.1.13
Severity: moderate
brace-expansion: Zero-step sequence causes process hang and memory exhaustion - https://github.com/advisories/GHSA-f886-m6hf-6m8v
fix available via `npm audit fix`
node_modules/brace-expansion

ip-address  <=10.1.0
Severity: moderate
ip-address has XSS in Address6 HTML-emitting methods - https://github.com/advisories/GHSA-v2v4-37r5-5v8g
fix available via `npm audit fix`
node_modules/ip-address

js-yaml  <=4.1.1
Severity: moderate
js-yaml has prototype pollution in merge (<<) - https://github.com/advisories/GHSA-mh29-5h37-fv8m
js-yaml has prototype pollution in merge (<<) - https://github.com/advisories/GHSA-mh29-5h37-fv8m
JS-YAML: Quadratic-complexity DoS in merge key handling via repeated aliases - https://github.com/advisories/GHSA-h67p-54hq-rp68
fix available via `npm audit fix`
node_modules/cosmiconfig/node_modules/js-yaml
node_modules/js-yaml

minimatch  <=3.1.3
Severity: high
minimatch has a ReDoS via repeated wildcards with non-matching literal in pattern - https://github.com/advisories/GHSA-3ppc-4f35-3m26
minimatch has ReDoS: matchOne() combinatorial backtracking via multiple non-adjacent GLOBSTAR segments - https://github.com/advisories/GHSA-7r86-cg39-jmmj
minimatch ReDoS: nested *() extglobs generate catastrophically backtracking regular expressions - https://github.com/advisories/GHSA-23c5-xmqv-rm74
fix available via `npm audit fix`
node_modules/minimatch

path-to-regexp  8.0.0 - 8.3.0
Severity: high
path-to-regexp vulnerable to Denial of Service via sequential optional groups - https://github.com/advisories/GHSA-j3q9-mxjg-w52f
path-to-regexp vulnerable to Regular Expression Denial of Service via multiple wildcards - https://github.com/advisories/GHSA-27v5-c462-wpq7
fix available via `npm audit fix`
node_modules/path-to-regexp

picomatch  <=2.3.1
Severity: high
Picomatch: Method Injection in POSIX Character Classes causes incorrect Glob Matching - https://github.com/advisories/GHSA-3v7f-55p6-f55p
Picomatch has a ReDoS vulnerability via extglob quantifiers - https://github.com/advisories/GHSA-c2c7-rcm5-vvqj
fix available via `npm audit fix`
node_modules/picomatch

qs  <=6.15.1
Severity: moderate
qs's arrayLimit bypass in comma parsing allows denial of service - https://github.com/advisories/GHSA-w7fw-mjwx-w883
qs's arrayLimit bypass in its bracket notation allows DoS via memory exhaustion - https://github.com/advisories/GHSA-6rw7-vpxm-498p
qs has a remotely triggerable DoS: qs.stringify crashes with TypeError on null/undefined entries in comma-format arrays when encodeValuesOnly is set - https://github.com/advisories/GHSA-q8mj-m7cp-5q26
fix available via `npm audit fix`
node_modules/qs

tar-fs  3.0.0 - 3.1.0
Severity: high
tar-fs has a symlink validation bypass if destination directory is predictable with a specific tarball - https://github.com/advisories/GHSA-vj76-c3g6-qr5v
fix available via `npm audit fix`
node_modules/tar-fs

ws  8.0.0 - 8.20.1
Severity: high
ws: Uninitialized memory disclosure - https://github.com/advisories/GHSA-58qx-3vcg-4xpx
ws: Memory exhaustion DoS from tiny fragments and data chunks - https://github.com/advisories/GHSA-96hv-2xvq-fx4p
fix available via `npm audit fix`
node_modules/ws

13 vulnerabilities (1 low, 5 moderate, 6 high, 1 critical)

To address all issues, run:
  npm audit fix
